<?xml version="1.0" encoding="UTF-8" ?>
<testsuite failures="0" time="0.199" errors="0" skipped="0" tests="9" name="com.tony.pizza.domain.ToppingIntegrationTest">
  <properties>
[...]
</properties>
  <testcase time="0.005" classname="com.tony.pizza.domain.ToppingIntegrationTest" name="testMarkerMethod"/>
  <testcase time="0.032" classname="com.tony.pizza.domain.ToppingIntegrationTest" name="testFlush"/>
  <testcase time="0.018" classname="com.tony.pizza.domain.ToppingIntegrationTest" name="testMergeUpdate"/>
  <testcase time="0.027" classname="com.tony.pizza.domain.ToppingIntegrationTest" name="testPersist"/>
  <testcase time="0.024" classname="com.tony.pizza.domain.ToppingIntegrationTest" name="testRemove"/>
  <testcase time="0.02" classname="com.tony.pizza.domain.ToppingIntegrationTest" name="testCountToppings"/>
  <testcase time="0.017" classname="com.tony.pizza.domain.ToppingIntegrationTest" name="testFindTopping"/>
  <testcase time="0.021" classname="com.tony.pizza.domain.ToppingIntegrationTest" name="testFindAllToppings"/>
  <testcase time="0.035" classname="com.tony.pizza.domain.ToppingIntegrationTest" name="testFindToppingEntries"/>
</testsuite>